E:\VS2010code\day20_2\day20_2\Debug\cl.command.1.tlog
E:\VS2010code\day20_2\day20_2\Debug\CL.read.1.tlog
E:\VS2010code\day20_2\day20_2\Debug\CL.write.1.tlog
E:\VS2010CODE\DAY20_2\DAY20_2\DEBUG\DAY20_2.EXE.EMBED.MANIFEST
E:\VS2010CODE\DAY20_2\DAY20_2\DEBUG\DAY20_2.EXE.EMBED.MANIFEST.RES
E:\VS2010CODE\DAY20_2\DAY20_2\DEBUG\DAY20_2.EXE.INTERMEDIATE.MANIFEST
E:\VS2010CODE\DAY20_2\DAY20_2\DEBUG\DAY20_2.OBJ
E:\VS2010CODE\DAY20_2\DAY20_2\DEBUG\DAY20_2.PCH
E:\VS2010CODE\DAY20_2\DAY20_2\DEBUG\DAY20_2.RES
E:\VS2010code\day20_2\day20_2\Debug\day20_2.write.1.tlog
E:\VS2010code\day20_2\day20_2\Debug\day20_2_manifest.rc
E:\VS2010CODE\DAY20_2\DAY20_2\DEBUG\DAY20_2DLG.OBJ
E:\VS2010code\day20_2\day20_2\Debug\link.command.1.tlog
E:\VS2010code\day20_2\day20_2\Debug\link.read.1.tlog
E:\VS2010code\day20_2\day20_2\Debug\link.write.1.tlog
E:\VS2010code\day20_2\day20_2\Debug\link-cvtres.read.1.tlog
E:\VS2010code\day20_2\day20_2\Debug\link-cvtres.write.1.tlog
E:\VS2010code\day20_2\day20_2\Debug\mt.command.1.tlog
E:\VS2010code\day20_2\day20_2\Debug\mt.read.1.tlog
E:\VS2010code\day20_2\day20_2\Debug\mt.write.1.tlog
E:\VS2010code\day20_2\day20_2\Debug\rc.command.1.tlog
E:\VS2010code\day20_2\day20_2\Debug\rc.read.1.tlog
E:\VS2010code\day20_2\day20_2\Debug\rc.write.1.tlog
E:\VS2010CODE\DAY20_2\DAY20_2\DEBUG\STDAFX.OBJ
E:\VS2010code\day20_2\day20_2\Debug\vc100.idb
E:\VS2010CODE\DAY20_2\DAY20_2\DEBUG\VC100.PDB
E:\VS2010CODE\DAY20_2\DEBUG\DAY20_2.EXE
E:\VS2010CODE\DAY20_2\DEBUG\DAY20_2.ILK
E:\VS2010CODE\DAY20_2\DEBUG\DAY20_2.PDB
