E:\VS2010code\day23\day23\Debug\cl.command.1.tlog
E:\VS2010code\day23\day23\Debug\CL.read.1.tlog
E:\VS2010code\day23\day23\Debug\CL.write.1.tlog
E:\VS2010CODE\DAY23\DAY23\DEBUG\DAY23.EXE.EMBED.MANIFEST
E:\VS2010CODE\DAY23\DAY23\DEBUG\DAY23.EXE.EMBED.MANIFEST.RES
E:\VS2010CODE\DAY23\DAY23\DEBUG\DAY23.EXE.INTERMEDIATE.MANIFEST
E:\VS2010CODE\DAY23\DAY23\DEBUG\DAY23.OBJ
E:\VS2010CODE\DAY23\DAY23\DEBUG\DAY23.PCH
E:\VS2010CODE\DAY23\DAY23\DEBUG\DAY23.RES
E:\VS2010code\day23\day23\Debug\day23.write.1.tlog
E:\VS2010code\day23\day23\Debug\day23_manifest.rc
E:\VS2010CODE\DAY23\DAY23\DEBUG\DAY23DLG.OBJ
E:\VS2010code\day23\day23\Debug\link.command.1.tlog
E:\VS2010code\day23\day23\Debug\link.read.1.tlog
E:\VS2010code\day23\day23\Debug\link.write.1.tlog
E:\VS2010code\day23\day23\Debug\link-cvtres.read.1.tlog
E:\VS2010code\day23\day23\Debug\link-cvtres.write.1.tlog
E:\VS2010code\day23\day23\Debug\mt.command.1.tlog
E:\VS2010code\day23\day23\Debug\mt.read.1.tlog
E:\VS2010code\day23\day23\Debug\mt.write.1.tlog
E:\VS2010code\day23\day23\Debug\rc.command.1.tlog
E:\VS2010code\day23\day23\Debug\rc.read.1.tlog
E:\VS2010code\day23\day23\Debug\rc.write.1.tlog
E:\VS2010CODE\DAY23\DAY23\DEBUG\STDAFX.OBJ
E:\VS2010code\day23\day23\Debug\vc100.idb
E:\VS2010CODE\DAY23\DAY23\DEBUG\VC100.PDB
E:\VS2010CODE\DAY23\DEBUG\DAY23.EXE
E:\VS2010CODE\DAY23\DEBUG\DAY23.ILK
E:\VS2010CODE\DAY23\DEBUG\DAY23.PDB
