E:\VS2010code\day13\day13\Debug\cl.command.1.tlog
E:\VS2010code\day13\day13\Debug\CL.read.1.tlog
E:\VS2010code\day13\day13\Debug\CL.write.1.tlog
E:\VS2010CODE\DAY13\DAY13\DEBUG\DAY13.EXE.EMBED.MANIFEST
E:\VS2010CODE\DAY13\DAY13\DEBUG\DAY13.EXE.EMBED.MANIFEST.RES
E:\VS2010CODE\DAY13\DAY13\DEBUG\DAY13.EXE.INTERMEDIATE.MANIFEST
E:\VS2010code\day13\day13\Debug\day13.write.1.tlog
E:\VS2010code\day13\day13\Debug\day13_manifest.rc
E:\VS2010code\day13\day13\Debug\link.4204.read.1.tlog
E:\VS2010code\day13\day13\Debug\link.4204.write.1.tlog
E:\VS2010code\day13\day13\Debug\link.4204-cvtres.read.1.tlog
E:\VS2010code\day13\day13\Debug\link.4204-cvtres.write.1.tlog
E:\VS2010code\day13\day13\Debug\link.command.1.tlog
E:\VS2010code\day13\day13\Debug\link.read.1.tlog
E:\VS2010code\day13\day13\Debug\link.write.1.tlog
E:\VS2010code\day13\day13\Debug\link-cvtres.read.1.tlog
E:\VS2010code\day13\day13\Debug\link-cvtres.write.1.tlog
E:\VS2010CODE\DAY13\DAY13\DEBUG\MAIN.OBJ
E:\VS2010code\day13\day13\Debug\mt.command.1.tlog
E:\VS2010code\day13\day13\Debug\mt.read.1.tlog
E:\VS2010code\day13\day13\Debug\mt.write.1.tlog
E:\VS2010code\day13\day13\Debug\rc.command.1.tlog
E:\VS2010code\day13\day13\Debug\rc.read.1.tlog
E:\VS2010code\day13\day13\Debug\rc.write.1.tlog
E:\VS2010code\day13\day13\Debug\vc100.idb
E:\VS2010CODE\DAY13\DAY13\DEBUG\VC100.PDB
E:\VS2010CODE\DAY13\DEBUG\DAY13.EXE
E:\VS2010CODE\DAY13\DEBUG\DAY13.ILK
E:\VS2010CODE\DAY13\DEBUG\DAY13.PDB
