E:\VS2010code\day2\day2\Debug\cl.command.1.tlog
E:\VS2010code\day2\day2\Debug\CL.read.1.tlog
E:\VS2010code\day2\day2\Debug\CL.write.1.tlog
E:\VS2010CODE\DAY2\DAY2\DEBUG\DAY2.EXE.EMBED.MANIFEST
E:\VS2010CODE\DAY2\DAY2\DEBUG\DAY2.EXE.EMBED.MANIFEST.RES
E:\VS2010CODE\DAY2\DAY2\DEBUG\DAY2.EXE.INTERMEDIATE.MANIFEST
E:\VS2010code\day2\day2\Debug\day2.write.1.tlog
E:\VS2010code\day2\day2\Debug\day2_manifest.rc
E:\VS2010code\day2\day2\Debug\link.3280.read.1.tlog
E:\VS2010code\day2\day2\Debug\link.3280.write.1.tlog
E:\VS2010code\day2\day2\Debug\link.3280-cvtres.read.1.tlog
E:\VS2010code\day2\day2\Debug\link.3280-cvtres.write.1.tlog
E:\VS2010code\day2\day2\Debug\link.command.1.tlog
E:\VS2010code\day2\day2\Debug\link.read.1.tlog
E:\VS2010code\day2\day2\Debug\link.write.1.tlog
E:\VS2010code\day2\day2\Debug\link-cvtres.read.1.tlog
E:\VS2010code\day2\day2\Debug\link-cvtres.write.1.tlog
E:\VS2010CODE\DAY2\DAY2\DEBUG\MAIN.OBJ
E:\VS2010code\day2\day2\Debug\mt.command.1.tlog
E:\VS2010code\day2\day2\Debug\mt.read.1.tlog
E:\VS2010code\day2\day2\Debug\mt.write.1.tlog
E:\VS2010code\day2\day2\Debug\rc.command.1.tlog
E:\VS2010code\day2\day2\Debug\rc.read.1.tlog
E:\VS2010code\day2\day2\Debug\rc.write.1.tlog
E:\VS2010code\day2\day2\Debug\vc100.idb
E:\VS2010CODE\DAY2\DAY2\DEBUG\VC100.PDB
E:\VS2010CODE\DAY2\DEBUG\DAY2.EXE
E:\VS2010CODE\DAY2\DEBUG\DAY2.ILK
E:\VS2010CODE\DAY2\DEBUG\DAY2.PDB
