E:\VS2010code\day12\day12\Debug\cl.command.1.tlog
E:\VS2010code\day12\day12\Debug\CL.read.1.tlog
E:\VS2010code\day12\day12\Debug\CL.write.1.tlog
E:\VS2010CODE\DAY12\DAY12\DEBUG\DAY12.EXE.EMBED.MANIFEST
E:\VS2010CODE\DAY12\DAY12\DEBUG\DAY12.EXE.EMBED.MANIFEST.RES
E:\VS2010CODE\DAY12\DAY12\DEBUG\DAY12.EXE.INTERMEDIATE.MANIFEST
E:\VS2010code\day12\day12\Debug\day12.write.1.tlog
E:\VS2010code\day12\day12\Debug\day12_manifest.rc
E:\VS2010code\day12\day12\Debug\link.5072.read.1.tlog
E:\VS2010code\day12\day12\Debug\link.5072.write.1.tlog
E:\VS2010code\day12\day12\Debug\link.5072-cvtres.read.1.tlog
E:\VS2010code\day12\day12\Debug\link.5072-cvtres.write.1.tlog
E:\VS2010code\day12\day12\Debug\link.command.1.tlog
E:\VS2010code\day12\day12\Debug\link.read.1.tlog
E:\VS2010code\day12\day12\Debug\link.write.1.tlog
E:\VS2010code\day12\day12\Debug\link-cvtres.read.1.tlog
E:\VS2010code\day12\day12\Debug\link-cvtres.write.1.tlog
E:\VS2010CODE\DAY12\DAY12\DEBUG\MAIN.OBJ
E:\VS2010code\day12\day12\Debug\mt.command.1.tlog
E:\VS2010code\day12\day12\Debug\mt.read.1.tlog
E:\VS2010code\day12\day12\Debug\mt.write.1.tlog
E:\VS2010code\day12\day12\Debug\rc.command.1.tlog
E:\VS2010code\day12\day12\Debug\rc.read.1.tlog
E:\VS2010code\day12\day12\Debug\rc.write.1.tlog
E:\VS2010code\day12\day12\Debug\vc100.idb
E:\VS2010CODE\DAY12\DAY12\DEBUG\VC100.PDB
E:\VS2010CODE\DAY12\DEBUG\DAY12.EXE
E:\VS2010CODE\DAY12\DEBUG\DAY12.ILK
E:\VS2010CODE\DAY12\DEBUG\DAY12.PDB
