E:\VS2010code\day19\day19\Debug\cl.command.1.tlog
E:\VS2010code\day19\day19\Debug\CL.read.1.tlog
E:\VS2010code\day19\day19\Debug\CL.write.1.tlog
E:\VS2010CODE\DAY19\DAY19\DEBUG\DAY19.EXE.EMBED.MANIFEST
E:\VS2010CODE\DAY19\DAY19\DEBUG\DAY19.EXE.EMBED.MANIFEST.RES
E:\VS2010CODE\DAY19\DAY19\DEBUG\DAY19.EXE.INTERMEDIATE.MANIFEST
E:\VS2010code\day19\day19\Debug\day19.vcxprojResolveAssemblyReference.cache
E:\VS2010code\day19\day19\Debug\day19.write.1.tlog
E:\VS2010code\day19\day19\Debug\day19_manifest.rc
E:\VS2010code\day19\day19\Debug\link.5500.read.1.tlog
E:\VS2010code\day19\day19\Debug\link.5500.write.1.tlog
E:\VS2010code\day19\day19\Debug\link.5500-cvtres.read.1.tlog
E:\VS2010code\day19\day19\Debug\link.5500-cvtres.write.1.tlog
E:\VS2010code\day19\day19\Debug\link.command.1.tlog
E:\VS2010code\day19\day19\Debug\link.read.1.tlog
E:\VS2010code\day19\day19\Debug\link.write.1.tlog
E:\VS2010code\day19\day19\Debug\link-cvtres.read.1.tlog
E:\VS2010code\day19\day19\Debug\link-cvtres.write.1.tlog
E:\VS2010CODE\DAY19\DAY19\DEBUG\MAIN.OBJ
E:\VS2010code\day19\day19\Debug\mt.command.1.tlog
E:\VS2010code\day19\day19\Debug\mt.read.1.tlog
E:\VS2010code\day19\day19\Debug\mt.write.1.tlog
E:\VS2010code\day19\day19\Debug\rc.command.1.tlog
E:\VS2010code\day19\day19\Debug\rc.read.1.tlog
E:\VS2010code\day19\day19\Debug\rc.write.1.tlog
E:\VS2010code\day19\day19\Debug\vc100.idb
E:\VS2010CODE\DAY19\DAY19\DEBUG\VC100.PDB
E:\VS2010CODE\DAY19\DEBUG\DAY19.EXE
E:\VS2010CODE\DAY19\DEBUG\DAY19.ILK
E:\VS2010CODE\DAY19\DEBUG\DAY19.PDB
