E:\VS2010code\day3\day3\Debug\cl.command.1.tlog
E:\VS2010code\day3\day3\Debug\CL.read.1.tlog
E:\VS2010code\day3\day3\Debug\CL.write.1.tlog
E:\VS2010CODE\DAY3\DAY3\DEBUG\DAY3.EXE.EMBED.MANIFEST
E:\VS2010CODE\DAY3\DAY3\DEBUG\DAY3.EXE.EMBED.MANIFEST.RES
E:\VS2010CODE\DAY3\DAY3\DEBUG\DAY3.EXE.INTERMEDIATE.MANIFEST
E:\VS2010code\day3\day3\Debug\day3.write.1.tlog
E:\VS2010code\day3\day3\Debug\day3_manifest.rc
E:\VS2010code\day3\day3\Debug\link.3100.read.1.tlog
E:\VS2010code\day3\day3\Debug\link.3100.write.1.tlog
E:\VS2010code\day3\day3\Debug\link.3100-cvtres.read.1.tlog
E:\VS2010code\day3\day3\Debug\link.3100-cvtres.write.1.tlog
E:\VS2010code\day3\day3\Debug\link.command.1.tlog
E:\VS2010code\day3\day3\Debug\link.read.1.tlog
E:\VS2010code\day3\day3\Debug\link.write.1.tlog
E:\VS2010code\day3\day3\Debug\link-cvtres.read.1.tlog
E:\VS2010code\day3\day3\Debug\link-cvtres.write.1.tlog
E:\VS2010CODE\DAY3\DAY3\DEBUG\MAIN.OBJ
E:\VS2010code\day3\day3\Debug\mt.command.1.tlog
E:\VS2010code\day3\day3\Debug\mt.read.1.tlog
E:\VS2010code\day3\day3\Debug\mt.write.1.tlog
E:\VS2010code\day3\day3\Debug\rc.command.1.tlog
E:\VS2010code\day3\day3\Debug\rc.read.1.tlog
E:\VS2010code\day3\day3\Debug\rc.write.1.tlog
E:\VS2010code\day3\day3\Debug\vc100.idb
E:\VS2010CODE\DAY3\DAY3\DEBUG\VC100.PDB
E:\VS2010CODE\DAY3\DEBUG\DAY3.EXE
E:\VS2010CODE\DAY3\DEBUG\DAY3.ILK
E:\VS2010CODE\DAY3\DEBUG\DAY3.PDB
