E:\VS2010code\day22\day22\Debug\cl.command.1.tlog
E:\VS2010code\day22\day22\Debug\CL.read.1.tlog
E:\VS2010code\day22\day22\Debug\CL.write.1.tlog
E:\VS2010CODE\DAY22\DAY22\DEBUG\DAY22.EXE.EMBED.MANIFEST
E:\VS2010CODE\DAY22\DAY22\DEBUG\DAY22.EXE.EMBED.MANIFEST.RES
E:\VS2010CODE\DAY22\DAY22\DEBUG\DAY22.EXE.INTERMEDIATE.MANIFEST
E:\VS2010CODE\DAY22\DAY22\DEBUG\DAY22.OBJ
E:\VS2010CODE\DAY22\DAY22\DEBUG\DAY22.PCH
E:\VS2010CODE\DAY22\DAY22\DEBUG\DAY22.RES
E:\VS2010code\day22\day22\Debug\day22.write.1.tlog
E:\VS2010code\day22\day22\Debug\day22_manifest.rc
E:\VS2010CODE\DAY22\DAY22\DEBUG\DAY22DLG.OBJ
E:\VS2010code\day22\day22\Debug\link.command.1.tlog
E:\VS2010code\day22\day22\Debug\link.read.1.tlog
E:\VS2010code\day22\day22\Debug\link.write.1.tlog
E:\VS2010code\day22\day22\Debug\link-cvtres.read.1.tlog
E:\VS2010code\day22\day22\Debug\link-cvtres.write.1.tlog
E:\VS2010code\day22\day22\Debug\mt.command.1.tlog
E:\VS2010code\day22\day22\Debug\mt.read.1.tlog
E:\VS2010code\day22\day22\Debug\mt.write.1.tlog
E:\VS2010code\day22\day22\Debug\rc.command.1.tlog
E:\VS2010code\day22\day22\Debug\rc.read.1.tlog
E:\VS2010code\day22\day22\Debug\rc.write.1.tlog
E:\VS2010CODE\DAY22\DAY22\DEBUG\STDAFX.OBJ
E:\VS2010code\day22\day22\Debug\vc100.idb
E:\VS2010CODE\DAY22\DAY22\DEBUG\VC100.PDB
E:\VS2010CODE\DAY22\DEBUG\DAY22.EXE
E:\VS2010CODE\DAY22\DEBUG\DAY22.ILK
E:\VS2010CODE\DAY22\DEBUG\DAY22.PDB
