E:\VS2010code\day14\day14\Debug\cl.command.1.tlog
E:\VS2010code\day14\day14\Debug\CL.read.1.tlog
E:\VS2010code\day14\day14\Debug\CL.write.1.tlog
E:\VS2010CODE\DAY14\DAY14\DEBUG\DAY14.EXE.EMBED.MANIFEST
E:\VS2010CODE\DAY14\DAY14\DEBUG\DAY14.EXE.EMBED.MANIFEST.RES
E:\VS2010CODE\DAY14\DAY14\DEBUG\DAY14.EXE.INTERMEDIATE.MANIFEST
E:\VS2010code\day14\day14\Debug\day14.write.1.tlog
E:\VS2010code\day14\day14\Debug\day14_manifest.rc
E:\VS2010code\day14\day14\Debug\link.4600.read.1.tlog
E:\VS2010code\day14\day14\Debug\link.4600.write.1.tlog
E:\VS2010code\day14\day14\Debug\link.4600-cvtres.read.1.tlog
E:\VS2010code\day14\day14\Debug\link.4600-cvtres.write.1.tlog
E:\VS2010code\day14\day14\Debug\link.command.1.tlog
E:\VS2010code\day14\day14\Debug\link.read.1.tlog
E:\VS2010code\day14\day14\Debug\link.write.1.tlog
E:\VS2010code\day14\day14\Debug\link-cvtres.read.1.tlog
E:\VS2010code\day14\day14\Debug\link-cvtres.write.1.tlog
E:\VS2010CODE\DAY14\DAY14\DEBUG\MAIN.OBJ
E:\VS2010code\day14\day14\Debug\mt.command.1.tlog
E:\VS2010code\day14\day14\Debug\mt.read.1.tlog
E:\VS2010code\day14\day14\Debug\mt.write.1.tlog
E:\VS2010code\day14\day14\Debug\rc.command.1.tlog
E:\VS2010code\day14\day14\Debug\rc.read.1.tlog
E:\VS2010code\day14\day14\Debug\rc.write.1.tlog
E:\VS2010code\day14\day14\Debug\vc100.idb
E:\VS2010CODE\DAY14\DAY14\DEBUG\VC100.PDB
E:\VS2010CODE\DAY14\DEBUG\DAY14.EXE
E:\VS2010CODE\DAY14\DEBUG\DAY14.ILK
E:\VS2010CODE\DAY14\DEBUG\DAY14.PDB
