E:\VS2010CODE\STUDY\DEBUG\STUDY.EXE
E:\VS2010CODE\STUDY\DEBUG\STUDY.ILK
E:\VS2010CODE\STUDY\DEBUG\STUDY.PDB
E:\VS2010code\Study\Study\Debug\cl.command.1.tlog
E:\VS2010code\Study\Study\Debug\CL.read.1.tlog
E:\VS2010code\Study\Study\Debug\CL.write.1.tlog
E:\VS2010code\Study\Study\Debug\link.3600.read.1.tlog
E:\VS2010code\Study\Study\Debug\link.3600.write.1.tlog
E:\VS2010code\Study\Study\Debug\link.3600-cvtres.read.1.tlog
E:\VS2010code\Study\Study\Debug\link.3600-cvtres.write.1.tlog
E:\VS2010code\Study\Study\Debug\link.command.1.tlog
E:\VS2010code\Study\Study\Debug\link.read.1.tlog
E:\VS2010code\Study\Study\Debug\link.write.1.tlog
E:\VS2010code\Study\Study\Debug\link-cvtres.read.1.tlog
E:\VS2010code\Study\Study\Debug\link-cvtres.write.1.tlog
E:\VS2010CODE\STUDY\STUDY\DEBUG\MAIN.OBJ
E:\VS2010code\Study\Study\Debug\mt.command.1.tlog
E:\VS2010code\Study\Study\Debug\mt.read.1.tlog
E:\VS2010code\Study\Study\Debug\mt.write.1.tlog
E:\VS2010code\Study\Study\Debug\rc.command.1.tlog
E:\VS2010code\Study\Study\Debug\rc.read.1.tlog
E:\VS2010code\Study\Study\Debug\rc.write.1.tlog
E:\VS2010CODE\STUDY\STUDY\DEBUG\STUDY.EXE.EMBED.MANIFEST
E:\VS2010CODE\STUDY\STUDY\DEBUG\STUDY.EXE.EMBED.MANIFEST.RES
E:\VS2010CODE\STUDY\STUDY\DEBUG\STUDY.EXE.INTERMEDIATE.MANIFEST
E:\VS2010code\Study\Study\Debug\Study.write.1.tlog
E:\VS2010code\Study\Study\Debug\Study_manifest.rc
E:\VS2010code\Study\Study\Debug\vc100.idb
E:\VS2010CODE\STUDY\STUDY\DEBUG\VC100.PDB
