E:\VS2010code\day4\day4\Debug\cl.command.1.tlog
E:\VS2010code\day4\day4\Debug\CL.read.1.tlog
E:\VS2010code\day4\day4\Debug\CL.write.1.tlog
E:\VS2010CODE\DAY4\DAY4\DEBUG\DAY4.EXE.EMBED.MANIFEST
E:\VS2010CODE\DAY4\DAY4\DEBUG\DAY4.EXE.EMBED.MANIFEST.RES
E:\VS2010CODE\DAY4\DAY4\DEBUG\DAY4.EXE.INTERMEDIATE.MANIFEST
E:\VS2010code\day4\day4\Debug\day4.write.1.tlog
E:\VS2010code\day4\day4\Debug\day4_manifest.rc
E:\VS2010code\day4\day4\Debug\link.6568.read.1.tlog
E:\VS2010code\day4\day4\Debug\link.6568.write.1.tlog
E:\VS2010code\day4\day4\Debug\link.6568-cvtres.read.1.tlog
E:\VS2010code\day4\day4\Debug\link.6568-cvtres.write.1.tlog
E:\VS2010code\day4\day4\Debug\link.command.1.tlog
E:\VS2010code\day4\day4\Debug\link.read.1.tlog
E:\VS2010code\day4\day4\Debug\link.write.1.tlog
E:\VS2010code\day4\day4\Debug\link-cvtres.read.1.tlog
E:\VS2010code\day4\day4\Debug\link-cvtres.write.1.tlog
E:\VS2010CODE\DAY4\DAY4\DEBUG\MAIN.OBJ
E:\VS2010code\day4\day4\Debug\mt.command.1.tlog
E:\VS2010code\day4\day4\Debug\mt.read.1.tlog
E:\VS2010code\day4\day4\Debug\mt.write.1.tlog
E:\VS2010code\day4\day4\Debug\rc.command.1.tlog
E:\VS2010code\day4\day4\Debug\rc.read.1.tlog
E:\VS2010code\day4\day4\Debug\rc.write.1.tlog
E:\VS2010code\day4\day4\Debug\vc100.idb
E:\VS2010CODE\DAY4\DAY4\DEBUG\VC100.PDB
E:\VS2010CODE\DAY4\DEBUG\DAY4.EXE
E:\VS2010CODE\DAY4\DEBUG\DAY4.ILK
E:\VS2010CODE\DAY4\DEBUG\DAY4.PDB
