E:\VS2010code\day15_1\day15_1\Debug\cl.command.1.tlog
E:\VS2010code\day15_1\day15_1\Debug\CL.read.1.tlog
E:\VS2010code\day15_1\day15_1\Debug\CL.write.1.tlog
E:\VS2010CODE\DAY15_1\DAY15_1\DEBUG\DAY15_1.EXE.EMBED.MANIFEST
E:\VS2010CODE\DAY15_1\DAY15_1\DEBUG\DAY15_1.EXE.EMBED.MANIFEST.RES
E:\VS2010CODE\DAY15_1\DAY15_1\DEBUG\DAY15_1.EXE.INTERMEDIATE.MANIFEST
E:\VS2010code\day15_1\day15_1\Debug\day15_1.write.1.tlog
E:\VS2010code\day15_1\day15_1\Debug\day15_1_manifest.rc
E:\VS2010code\day15_1\day15_1\Debug\link.4688.read.1.tlog
E:\VS2010code\day15_1\day15_1\Debug\link.4688.write.1.tlog
E:\VS2010code\day15_1\day15_1\Debug\link.4688-cvtres.read.1.tlog
E:\VS2010code\day15_1\day15_1\Debug\link.4688-cvtres.write.1.tlog
E:\VS2010code\day15_1\day15_1\Debug\link.command.1.tlog
E:\VS2010code\day15_1\day15_1\Debug\link.read.1.tlog
E:\VS2010code\day15_1\day15_1\Debug\link.write.1.tlog
E:\VS2010code\day15_1\day15_1\Debug\link-cvtres.read.1.tlog
E:\VS2010code\day15_1\day15_1\Debug\link-cvtres.write.1.tlog
E:\VS2010CODE\DAY15_1\DAY15_1\DEBUG\MAIN.OBJ
E:\VS2010code\day15_1\day15_1\Debug\mt.command.1.tlog
E:\VS2010code\day15_1\day15_1\Debug\mt.read.1.tlog
E:\VS2010code\day15_1\day15_1\Debug\mt.write.1.tlog
E:\VS2010code\day15_1\day15_1\Debug\rc.command.1.tlog
E:\VS2010code\day15_1\day15_1\Debug\rc.read.1.tlog
E:\VS2010code\day15_1\day15_1\Debug\rc.write.1.tlog
E:\VS2010code\day15_1\day15_1\Debug\vc100.idb
E:\VS2010CODE\DAY15_1\DAY15_1\DEBUG\VC100.PDB
E:\VS2010CODE\DAY15_1\DEBUG\DAY15_1.EXE
E:\VS2010CODE\DAY15_1\DEBUG\DAY15_1.ILK
E:\VS2010CODE\DAY15_1\DEBUG\DAY15_1.PDB
