E:\VS2010code\day17\day17\Debug\cl.command.1.tlog
E:\VS2010code\day17\day17\Debug\CL.read.1.tlog
E:\VS2010code\day17\day17\Debug\CL.write.1.tlog
E:\VS2010CODE\DAY17\DAY17\DEBUG\DAY17.EXE.EMBED.MANIFEST
E:\VS2010CODE\DAY17\DAY17\DEBUG\DAY17.EXE.EMBED.MANIFEST.RES
E:\VS2010CODE\DAY17\DAY17\DEBUG\DAY17.EXE.INTERMEDIATE.MANIFEST
E:\VS2010code\day17\day17\Debug\day17.write.1.tlog
E:\VS2010code\day17\day17\Debug\day17_manifest.rc
E:\VS2010code\day17\day17\Debug\link.3204.read.1.tlog
E:\VS2010code\day17\day17\Debug\link.3204.write.1.tlog
E:\VS2010code\day17\day17\Debug\link.3204-cvtres.read.1.tlog
E:\VS2010code\day17\day17\Debug\link.3204-cvtres.write.1.tlog
E:\VS2010code\day17\day17\Debug\link.command.1.tlog
E:\VS2010code\day17\day17\Debug\link.read.1.tlog
E:\VS2010code\day17\day17\Debug\link.write.1.tlog
E:\VS2010code\day17\day17\Debug\link-cvtres.read.1.tlog
E:\VS2010code\day17\day17\Debug\link-cvtres.write.1.tlog
E:\VS2010CODE\DAY17\DAY17\DEBUG\MAIN.OBJ
E:\VS2010code\day17\day17\Debug\mt.command.1.tlog
E:\VS2010code\day17\day17\Debug\mt.read.1.tlog
E:\VS2010code\day17\day17\Debug\mt.write.1.tlog
E:\VS2010code\day17\day17\Debug\rc.command.1.tlog
E:\VS2010code\day17\day17\Debug\rc.read.1.tlog
E:\VS2010code\day17\day17\Debug\rc.write.1.tlog
E:\VS2010code\day17\day17\Debug\vc100.idb
E:\VS2010CODE\DAY17\DAY17\DEBUG\VC100.PDB
E:\VS2010CODE\DAY17\DEBUG\DAY17.EXE
E:\VS2010CODE\DAY17\DEBUG\DAY17.ILK
E:\VS2010CODE\DAY17\DEBUG\DAY17.PDB
