E:\VS2010code\day21\day21\Debug\cl.command.1.tlog
E:\VS2010code\day21\day21\Debug\CL.read.1.tlog
E:\VS2010code\day21\day21\Debug\CL.write.1.tlog
E:\VS2010CODE\DAY21\DAY21\DEBUG\DAY21.EXE.EMBED.MANIFEST
E:\VS2010CODE\DAY21\DAY21\DEBUG\DAY21.EXE.EMBED.MANIFEST.RES
E:\VS2010CODE\DAY21\DAY21\DEBUG\DAY21.EXE.INTERMEDIATE.MANIFEST
E:\VS2010CODE\DAY21\DAY21\DEBUG\DAY21.OBJ
E:\VS2010CODE\DAY21\DAY21\DEBUG\DAY21.PCH
E:\VS2010CODE\DAY21\DAY21\DEBUG\DAY21.RES
E:\VS2010code\day21\day21\Debug\day21.write.1.tlog
E:\VS2010code\day21\day21\Debug\day21_manifest.rc
E:\VS2010CODE\DAY21\DAY21\DEBUG\DAY21DLG.OBJ
E:\VS2010code\day21\day21\Debug\link.command.1.tlog
E:\VS2010code\day21\day21\Debug\link.read.1.tlog
E:\VS2010code\day21\day21\Debug\link.write.1.tlog
E:\VS2010code\day21\day21\Debug\link-cvtres.read.1.tlog
E:\VS2010code\day21\day21\Debug\link-cvtres.write.1.tlog
E:\VS2010code\day21\day21\Debug\mt.command.1.tlog
E:\VS2010code\day21\day21\Debug\mt.read.1.tlog
E:\VS2010code\day21\day21\Debug\mt.write.1.tlog
E:\VS2010code\day21\day21\Debug\rc.command.1.tlog
E:\VS2010code\day21\day21\Debug\rc.read.1.tlog
E:\VS2010code\day21\day21\Debug\rc.write.1.tlog
E:\VS2010CODE\DAY21\DAY21\DEBUG\STDAFX.OBJ
E:\VS2010code\day21\day21\Debug\vc100.idb
E:\VS2010CODE\DAY21\DAY21\DEBUG\VC100.PDB
E:\VS2010CODE\DAY21\DEBUG\DAY21.EXE
E:\VS2010CODE\DAY21\DEBUG\DAY21.ILK
E:\VS2010CODE\DAY21\DEBUG\DAY21.PDB
