E:\VS2010code\day20\day20\Debug\cl.command.1.tlog
E:\VS2010code\day20\day20\Debug\CL.read.1.tlog
E:\VS2010code\day20\day20\Debug\CL.write.1.tlog
E:\VS2010CODE\DAY20\DAY20\DEBUG\DAY20.EXE.EMBED.MANIFEST
E:\VS2010CODE\DAY20\DAY20\DEBUG\DAY20.EXE.EMBED.MANIFEST.RES
E:\VS2010CODE\DAY20\DAY20\DEBUG\DAY20.EXE.INTERMEDIATE.MANIFEST
E:\VS2010code\day20\day20\Debug\day20.vcxprojResolveAssemblyReference.cache
E:\VS2010code\day20\day20\Debug\day20.write.1.tlog
E:\VS2010code\day20\day20\Debug\day20_manifest.rc
E:\VS2010code\day20\day20\Debug\link.2308.read.1.tlog
E:\VS2010code\day20\day20\Debug\link.2308.read.2.tlog
E:\VS2010code\day20\day20\Debug\link.2308.write.1.tlog
E:\VS2010code\day20\day20\Debug\link.2308-cvtres.read.1.tlog
E:\VS2010code\day20\day20\Debug\link.2308-cvtres.write.1.tlog
E:\VS2010code\day20\day20\Debug\link.852.read.1.tlog
E:\VS2010code\day20\day20\Debug\link.852.read.2.tlog
E:\VS2010code\day20\day20\Debug\link.852.write.1.tlog
E:\VS2010code\day20\day20\Debug\link.852-cvtres.read.1.tlog
E:\VS2010code\day20\day20\Debug\link.852-cvtres.write.1.tlog
E:\VS2010code\day20\day20\Debug\link.command.1.tlog
E:\VS2010code\day20\day20\Debug\link.read.1.tlog
E:\VS2010code\day20\day20\Debug\link.write.1.tlog
E:\VS2010CODE\DAY20\DAY20\DEBUG\MAIN.OBJ
E:\VS2010code\day20\day20\Debug\mt.command.1.tlog
E:\VS2010code\day20\day20\Debug\mt.read.1.tlog
E:\VS2010code\day20\day20\Debug\mt.write.1.tlog
E:\VS2010code\day20\day20\Debug\rc.command.1.tlog
E:\VS2010code\day20\day20\Debug\rc.read.1.tlog
E:\VS2010code\day20\day20\Debug\rc.write.1.tlog
E:\VS2010CODE\DAY20\DAY20\DEBUG\VC100.PDB
E:\VS2010CODE\DAY20\DEBUG\DAY20.EXE
E:\VS2010CODE\DAY20\DEBUG\DAY20.ILK
E:\VS2010CODE\DAY20\DEBUG\DAY20.PDB
